<?xml version="1.0" encoding="UTF-8"?>
<!-- Generated by org.testng.reporters.JUnitReportReporter -->
<testsuite hostname="LAPTOP-733KQGVP" failures="0" tests="5" name="cucumberOptions.TestRunner" time="211.385" errors="0" timestamp="2021-06-21T13:01:30 UYT" skipped="0">
  <testcase classname="cucumberOptions.TestRunner" name="runScenario" time="34.846"/>
  <system-out/>
  <testcase classname="cucumberOptions.TestRunner" name="runScenario" time="49.209"/>
  <system-out/>
  <testcase classname="cucumberOptions.TestRunner" name="runScenario" time="35.936"/>
  <system-out/>
  <testcase classname="cucumberOptions.TestRunner" name="runScenario" time="45.971"/>
  <system-out/>
  <testcase classname="cucumberOptions.TestRunner" name="runScenario" time="45.423"/>
  <system-out/>
</testsuite> <!-- cucumberOptions.TestRunner -->
